C51 COMPILER V9.60.0.0   MAIN                                                              09/12/2023 22:54:42 PAGE 1   


C51 COMPILER V9.60.0.0, COMPILATION OF MODULE MAIN
OBJECT MODULE PLACED IN .\Objects\main.obj
COMPILER INVOKED BY: C:\Keil_v5\C51\BIN\C51.EXE main.c OPTIMIZE(8,SPEED) BROWSE DEBUG OBJECTEXTEND PRINT(.\Listings\main
                    -.lst) TABS(2) OBJECT(.\Objects\main.obj)

line level    source

   1          #include "main.h"
   2          #include "../lib/Delay.c"
   3          
   4          sbit BTN = P1^0;
   5          sbit LAMP = P2^0;
   6          void main(){
   7   1        LAMP = 0;
   8   1        while(1){
   9   2          if(BTN == 0){
  10   3            Delay(20);
  11   3            if(BTN == 0){
  12   4              LAMP = !LAMP;
  13   4              while(BTN==0);
  14   4            }
  15   3          }
  16   2        }
  17   1      }


MODULE INFORMATION:   STATIC OVERLAYABLE
   CODE SIZE        =     54    ----
   CONSTANT SIZE    =   ----    ----
   XDATA SIZE       =   ----    ----
   PDATA SIZE       =   ----    ----
   DATA SIZE        =   ----    ----
   IDATA SIZE       =   ----    ----
   BIT SIZE         =   ----    ----
END OF MODULE INFORMATION.


C51 COMPILATION COMPLETE.  0 WARNING(S),  0 ERROR(S)
