C51 COMPILER V9.60.0.0   MAIN                                                              09/19/2023 11:16:08 PAGE 1   


C51 COMPILER V9.60.0.0, COMPILATION OF MODULE MAIN
OBJECT MODULE PLACED IN .\Objects\main.obj
COMPILER INVOKED BY: C:\Keil_v5\C51\BIN\C51.EXE main.c OPTIMIZE(8,SPEED) BROWSE DEBUG OBJECTEXTEND PRINT(.\Listings\main
                    -.lst) TABS(2) OBJECT(.\Objects\main.obj)

line level    source

   1          #include "main.h"
   2          #include "../lib/delay.h"
   3          #include <string.h>
   4          #include "../lib/LCD16x2_cmd.h"
   5          #include "port.h"
   6          
   7          
   8          
   9          void main(){
  10   1        char str[]="Nhin con cac" ;
  11   1        LCD_Init();//Khoi tao LCD
  12   1      
  13   1        LCD_str_row_col(1 , (16 - strlen(str)) /2  + 1, str);
  14   1        while(1){
  15   2          unsigned char i;
  16   2          for(i = 0; i <16 ; i++){
  17   3            Delay(300);
  18   3            LCD_cmd(0x18);
  19   3          }
  20   2          LCD_cmd(0x02);
  21   2        }
  22   1      }


MODULE INFORMATION:   STATIC OVERLAYABLE
   CODE SIZE        =     92    ----
   CONSTANT SIZE    =     13    ----
   XDATA SIZE       =   ----    ----
   PDATA SIZE       =   ----    ----
   DATA SIZE        =   ----      14
   IDATA SIZE       =   ----    ----
   BIT SIZE         =   ----    ----
END OF MODULE INFORMATION.


C51 COMPILATION COMPLETE.  0 WARNING(S),  0 ERROR(S)
