C51 COMPILER V9.60.0.0   MAIN                                                              09/14/2023 21:57:51 PAGE 1   


C51 COMPILER V9.60.0.0, COMPILATION OF MODULE MAIN
OBJECT MODULE PLACED IN .\Objects\main.obj
COMPILER INVOKED BY: C:\Keil_v5\C51\BIN\C51.EXE main.c OPTIMIZE(8,SPEED) BROWSE DEBUG OBJECTEXTEND PRINT(.\Listings\main
                    -.lst) TABS(2) OBJECT(.\Objects\main.obj)

line level    source

   1          #include "main.h"
   2          #include "../lib/delay.h"
   3          
   4          sbit BTN = P1^0;
   5          sbit RELAY = P0^0;
   6          
   7          #define LED P2 
   8          
   9          unsigned char code arrLED[]={0x3f, 0x6, 0x5b, 0x4f, 0x66, 0x6d,0x7d, 0x07, 0x7f, 0x6f };
  10          
  11          void main(){
  12   1        unsigned char i ;
  13   1        while (1){
  14   2          if(BTN == 0){
  15   3            for(i = 9;i >= 0; i--){
  16   4              LED = arrLED[i];
  17   4              Delay(250);
  18   4              if(i == 0) break;
  19   4            }
  20   3            RELAY = 0;
  21   3            for(i = 0; i< 10; i++){
  22   4              LED = arrLED[i];
  23   4              Delay(250);
  24   4            }
  25   3            RELAY = 1;
  26   3            break;
  27   3          }
  28   2        
  29   2        }
  30   1      }


MODULE INFORMATION:   STATIC OVERLAYABLE
   CODE SIZE        =     74    ----
   CONSTANT SIZE    =     10    ----
   XDATA SIZE       =   ----    ----
   PDATA SIZE       =   ----    ----
   DATA SIZE        =   ----       1
   IDATA SIZE       =   ----    ----
   BIT SIZE         =   ----    ----
END OF MODULE INFORMATION.


C51 COMPILATION COMPLETE.  0 WARNING(S),  0 ERROR(S)
