C51 COMPILER V9.60.0.0   MAIN                                                              09/15/2023 15:53:42 PAGE 1   


C51 COMPILER V9.60.0.0, COMPILATION OF MODULE MAIN
OBJECT MODULE PLACED IN .\Objects\main.obj
COMPILER INVOKED BY: C:\Keil_v5\C51\BIN\C51.EXE main.c OPTIMIZE(8,SPEED) BROWSE DEBUG OBJECTEXTEND PRINT(.\Listings\main
                    -.lst) TABS(2) OBJECT(.\Objects\main.obj)

line level    source

   1          #include "main.h"
   2          #include "../lib/delay.h"
   3          
   4          sbit LED1 = P0^0;
   5          sbit LED2 = P0^1;
   6          unsigned char code arrLED[]={~0x3f, ~0x6, ~0x5b, ~0x4f, ~0x66, ~0x6d,~0x7d, ~0x07, ~0x7f, ~0x6f };
   7          
   8          void main(){
   9   1        unsigned int  dem = 0;
  10   1        unsigned char chuc , dv  ;
  11   1        while (1){
  12   2          while(1){
  13   3            unsigned int i;
  14   3            dv = dem % 10;
  15   3            chuc = dem /10 ;
  16   3            
  17   3            for( i = 0 ; i <  480 ; i++){
  18   4            
  19   4              LED1 = 0;
  20   4              P2 = arrLED[chuc];
  21   4              Delay(1);
  22   4              LED1 = 1;
  23   4              
  24   4              LED2 = 0;
  25   4              P2 = arrLED[dv];
  26   4              Delay(1);
  27   4              LED2 = 1;
  28   4            }
  29   3          dem++;
  30   3          dem %=100;
  31   3          }
  32   2        }
  33   1      }


MODULE INFORMATION:   STATIC OVERLAYABLE
   CODE SIZE        =    115    ----
   CONSTANT SIZE    =     10    ----
   XDATA SIZE       =   ----    ----
   PDATA SIZE       =   ----    ----
   DATA SIZE        =   ----       6
   IDATA SIZE       =   ----    ----
   BIT SIZE         =   ----    ----
END OF MODULE INFORMATION.


C51 COMPILATION COMPLETE.  0 WARNING(S),  0 ERROR(S)
