C51 COMPILER V9.60.0.0   DELAY                                                             10/08/2023 22:39:48 PAGE 1   


C51 COMPILER V9.60.0.0, COMPILATION OF MODULE DELAY
OBJECT MODULE PLACED IN .\Objects\Delay.obj
COMPILER INVOKED BY: C:\Keil_v5\C51\BIN\C51.EXE ..\Lib\Delay.c OMF2 OPTIMIZE(8,SPEED) BROWSE DEBUG PRINT(.\Listings\Dela
                    -y.lst) TABS(2) OBJECT(.\Objects\Delay.obj)

line level    source

   1          #include "Delay.h"
   2          #include "main.h"
   3          #if (FREQ_OSC == 12000000)
   4          void Delay(unsigned int t){
   5   1        unsigned int i , j;
   6   1        for(i = 0; i < t ; i++){
   7   2          for(j = 0; j < 123 ; j++){
   8   3            //
   9   3          }
  10   2        }
  11   1      }
  12          #elif (FREQ_OSC == 11059200)
              void Delay(unsigned int t){
                unsigned int i , j;
                for(i = 0; i < t ; i++){
                  for(j = 0; j < 113 ; j++){
                    //
                  }
                }
              }
              #elif (FREQ_OSC == 8000000)
              void Delay(unsigned int t){
                unsigned int i , j;
                for(i = 0; i < t ; i++){
                  for(j = 0; j < 218; j++){
                    //
                  }
                }
              }
              #elif (FREQ_OSC == 4000000)
              void Delay(unsigned int t){
                unsigned int i , j;
                for(i = 0; i < t ; i++){
                  for(j = 0; j < 106 ; j++){
                    //
                  }
                }
              }
              #else 
                  #error "Khong co chuc nang dealay nao tuong ung"
              #endif


MODULE INFORMATION:   STATIC OVERLAYABLE
   CODE SIZE        =     32    ----
   CONSTANT SIZE    =   ----    ----
   XDATA SIZE       =   ----    ----
   PDATA SIZE       =   ----    ----
   DATA SIZE        =   ----    ----
   IDATA SIZE       =   ----    ----
   BIT SIZE         =   ----    ----
   EDATA SIZE       =   ----    ----
   HDATA SIZE       =   ----    ----
   XDATA CONST SIZE =   ----    ----
C51 COMPILER V9.60.0.0   DELAY                                                             10/08/2023 22:39:48 PAGE 2   

   FAR CONST SIZE   =   ----    ----
END OF MODULE INFORMATION.


C51 COMPILATION COMPLETE.  0 WARNING(S),  0 ERROR(S)
