C51 COMPILER V9.60.0.0   LCD16X2_CMD                                                       10/09/2023 12:04:00 PAGE 1   


C51 COMPILER V9.60.0.0, COMPILATION OF MODULE LCD16X2_CMD
OBJECT MODULE PLACED IN .\Objects\LCD16x2_cmd.obj
COMPILER INVOKED BY: C:\Keil_v5\C51\BIN\C51.EXE ..\Lib\LCD16x2_cmd.c OMF2 OPTIMIZE(8,SPEED) BROWSE DEBUG PRINT(.\Listing
                    -s\LCD16x2_cmd.lst) TABS(2) OBJECT(.\Objects\LCD16x2_cmd.obj)

line level    source

   1          //Khai bao cac cong giao tiep port
   2          //sbit LCD_RS = P2^0 ;
   3          //sbit LCD_EN = P2^1 ;
   4          //#define LCD P3
   5          #include "LCD16x2_cmd.h"
   6          #include "main.h"
   7          #include "../lib/Delay.h"
   8          #include "port.h"
   9          
  10          //Lenh
  11          void LCD_cmd(unsigned char cmd){
  12   1      
  13   1        LCD_RS = 0;//
  14   1        LCD = cmd ;
  15   1        LCD_EN = 0;
  16   1        LCD_EN = 1;
  17   1        if(cmd <= 0x02){
  18   2          Delay(2);
  19   2        }
  20   1        else 
  21   1          Delay(1);
  22   1      }
  23          //Lenh xuat ra ky tu
  24          void LCD_Data_char( char c){
  25   1        LCD_RS = 1;   //du lieu gui theo dang text
  26   1        LCD = c ;
  27   1        LCD_EN = 0;
  28   1        LCD_EN = 1;
  29   1      
  30   1      }
  31          
  32          //Lenh xuat ra ky tu tai hang row va cot col
  33          void LCD_char_row_col(unsigned char row , unsigned char col, char c){
  34   1        unsigned char cmd;
  35   1        
  36   1        //di chuyen con tro den diem mong muon
  37   1        cmd = (row == 1 ? 0x80 : 0x80+0x40) + col -1;
  38   1        LCD_cmd(cmd);//da di chuyen con tro
  39   1        
  40   1        LCD_Data_char(c);
  41   1      }
  42          
  43          // gui va xuat ra chuoi string
  44          void LCD_Data_str(char *c){
  45   1        unsigned char i = 0;
  46   1        while(c[i]!= 0 ){
  47   2          LCD_Data_char(c[i]);
  48   2          i++;
  49   2        }
  50   1      }
  51          void LCD_str_row_col(unsigned char row , unsigned char col, char *c){
  52   1        unsigned char cmd;
  53   1        //di chuyen con tro den vi tri can thiet
  54   1        
C51 COMPILER V9.60.0.0   LCD16X2_CMD                                                       10/09/2023 12:04:00 PAGE 2   

  55   1        cmd = (row == 1 ? 0x80 : (0x80 + 0x40)) + col - 1;
  56   1        LCD_cmd(cmd);
  57   1        
  58   1        LCD_Data_str(c);
  59   1        
  60   1      }
  61          
  62          //ham khoi tao led 
  63          void LCD_Init(){//Khoi tao LCD 8 bit
  64   1        Delay(20);
  65   1        LCD_cmd(0x30);
  66   1        Delay(5);
  67   1        LCD_cmd(0x30);
  68   1        Delay(1);
  69   1        LCD_cmd(0x30);
  70   1        
  71   1        LCD_cmd(0x38); // so dong hien thi(neu dung 4 bit thi 0x28)
  72   1        
  73   1        LCD_cmd(0x01);//Xoa noi dung hien thi
  74   1        LCD_cmd(0x0C);
  75   1      
  76   1      }
  77          
  78          
  79          


MODULE INFORMATION:   STATIC OVERLAYABLE
   CODE SIZE        =    181    ----
   CONSTANT SIZE    =   ----    ----
   XDATA SIZE       =   ----    ----
   PDATA SIZE       =   ----    ----
   DATA SIZE        =   ----       7
   IDATA SIZE       =   ----    ----
   BIT SIZE         =   ----    ----
   EDATA SIZE       =   ----    ----
   HDATA SIZE       =   ----    ----
   XDATA CONST SIZE =   ----    ----
   FAR CONST SIZE   =   ----    ----
END OF MODULE INFORMATION.


C51 COMPILATION COMPLETE.  0 WARNING(S),  0 ERROR(S)
