C51 COMPILER V9.60.0.0   MAIN                                                              09/17/2023 01:09:16 PAGE 1   


C51 COMPILER V9.60.0.0, COMPILATION OF MODULE MAIN
OBJECT MODULE PLACED IN .\Objects\main.obj
COMPILER INVOKED BY: C:\Keil_v5\C51\BIN\C51.EXE main.c OPTIMIZE(8,SPEED) BROWSE DEBUG OBJECTEXTEND PRINT(.\Listings\main
                    -.lst) TABS(2) OBJECT(.\Objects\main.obj)

line level    source

   1          #include "main.h"
   2          #include "../lib/delay.h"
   3          #include "port.h"
   4          #include "../lib/IE74595_OUT.h"
   5          
   6          
   7          void IE74595_OUT(unsigned char *p,unsigned char n);
   8          unsigned char code arrLED[]={~0x3f, ~0x6, ~0x5b, ~0x4f, ~0x66, ~0x6d,~0x7d, ~0x07, ~0x7f, ~0x6f };
   9          
  10          void main() {
  11   1      
  12   1        unsigned char i ;
  13   1        unsigned char buffer[2];
  14   1        while(1){
  15   2          for(i = 0; i < 99 ; i++){
  16   3            buffer[0] = arrLED[i/10];
  17   3            buffer[1] = arrLED[i%10];
  18   3            
  19   3            IE74595_OUT(buffer,2);
  20   3            Delay(100);
  21   3          }
  22   2        }
  23   1      }


MODULE INFORMATION:   STATIC OVERLAYABLE
   CODE SIZE        =     59    ----
   CONSTANT SIZE    =     10    ----
   XDATA SIZE       =   ----    ----
   PDATA SIZE       =   ----    ----
   DATA SIZE        =   ----       3
   IDATA SIZE       =   ----    ----
   BIT SIZE         =   ----    ----
END OF MODULE INFORMATION.


C51 COMPILATION COMPLETE.  0 WARNING(S),  0 ERROR(S)
