C51 COMPILER V9.60.0.0   MAIN                                                              10/06/2023 22:16:50 PAGE 1   


C51 COMPILER V9.60.0.0, COMPILATION OF MODULE MAIN
OBJECT MODULE PLACED IN .\Objects\main.obj
COMPILER INVOKED BY: C:\Keil_v5\C51\BIN\C51.EXE main.c OPTIMIZE(8,SPEED) BROWSE DEBUG OBJECTEXTEND PRINT(.\Listings\main
                    -.lst) TABS(2) OBJECT(.\Objects\main.obj)

line level    source

   1          #include "main.h"
   2          #include "../lib/delay.h"
   3          #include "stdio.h"
   4          void Guibit(bit b){
   5   1        if(b){
   6   2          TR2 = 1; 
   7   2          Delay(1);
   8   2          TR2 = 0;
   9   2          P1_0 = 1;
  10   2          Delay(3);
  11   2        }
  12   1        else 
  13   1        {
  14   2          TR2 = 1; 
  15   2          Delay(3);
  16   2          TR2 = 0;
  17   2          P1_0 = 1;
  18   2          Delay(1);
  19   2        }
  20   1      
  21   1      }
  22          
  23          
  24          void GuiByte(unsigned char b)
  25          {
  26   1        unsigned char i; 
  27   1        for(i = 0; i < 8; i++)
  28   1        {
  29   2          Guibit(b & 0x80); 
  30   2          //dich bit sang trai
  31   2          b <<= 1;
  32   2        }
  33   1        
  34   1      }
  35          
  36          void main(){
  37   1        //cogfigure cho timer2 phat xung clock tai chan T2;
  38   1        T2CON = 0x00;   //bit C/T2 = 0;
  39   1        T2MOD = 0x02;   //bit T2OE = 1;
  40   1        
  41   1        RCAP2H = 0xFF;
  42   1        RCAP2L = 0xB1;
  43   1        
  44   1        TH2 = 0xFF;
  45   1        TL2 = 0xB1; 
  46   1        
  47   1        TR2 = 1;
  48   1        //cau hinh uart che do mode 1
  49   1        SCON = 0x50;
  50   1        TMOD = 0x20;    //timer 1 mode 2;
  51   1        
  52   1        TH1 = 0xE6;     //baud rate 1200, tan nso thach anh 12mhz
  53   1        TR1 = 1;        //timer 1 bat dau chay
  54   1        
C51 COMPILER V9.60.0.0   MAIN                                                              10/06/2023 22:16:50 PAGE 2   

  55   1        TI = 1;         //bat dau truyen du lieu
  56   1      
  57   1        printf("Dep trai vai l");
  58   1        
  59   1        while(1){
  60   2          
  61   2        }
  62   1      
  63   1      }


MODULE INFORMATION:   STATIC OVERLAYABLE
   CODE SIZE        =    120    ----
   CONSTANT SIZE    =     15    ----
   XDATA SIZE       =   ----    ----
   PDATA SIZE       =   ----    ----
   DATA SIZE        =   ----       2
   IDATA SIZE       =   ----    ----
   BIT SIZE         =   ----       1
END OF MODULE INFORMATION.


C51 COMPILATION COMPLETE.  0 WARNING(S),  0 ERROR(S)
