C51 COMPILER V9.60.0.0   MAIN                                                              09/22/2023 16:05:56 PAGE 1   


C51 COMPILER V9.60.0.0, COMPILATION OF MODULE MAIN
OBJECT MODULE PLACED IN .\Objects\main.obj
COMPILER INVOKED BY: C:\Keil_v5\C51\BIN\C51.EXE main.c OPTIMIZE(8,SPEED) BROWSE DEBUG OBJECTEXTEND PRINT(.\Listings\main
                    -.lst) TABS(2) OBJECT(.\Objects\main.obj)

line level    source

   1          #include "main.h"
   2          #include "../lib/delay.h"
   3          
   4          void UART_mode0(unsigned char b){
   5   1        
   6   1          SBUF = b; //Dem du lieu
   7   1        
   8   1          while(TI == 0){
   9   2            //loop den khi nao TI != 0
  10   2          }
  11   1          TI = 0;
  12   1          
  13   1          P3_2 = 0;
  14   1          P3_2 = 1;
  15   1        
  16   1      }
  17          
  18          
  19          void main(){
  20   1        unsigned char i , j , b;
  21   1        SM0 = SM1 = 0; //UART mode = 0;
  22   1        
  23   1      
  24   1        while(1){
  25   2          for(i = 0; i <5 ; i++){
  26   3            UART_mode0(0x00);
  27   3            Delay(200);
  28   3            UART_mode0(0xff);
  29   3            Delay(200);
  30   3          }
  31   2          for(i = 0; i <5 ; i++){
  32   3            for(j = 0; j < 8 ; j++){
  33   4              b = 0x00;
  34   4              b |= (0x80 >> j);
  35   4              UART_mode0(b);
  36   4              Delay(200);
  37   4            }
  38   3          }
  39   2          for(i = 0; i <5 ; i++){
  40   3            UART_mode0(0x55);
  41   3            Delay(200);
  42   3            UART_mode0(0xAA);
  43   3            Delay(200);
  44   3          }
  45   2        }
  46   1      
  47   1      }


MODULE INFORMATION:   STATIC OVERLAYABLE
   CODE SIZE        =    165    ----
   CONSTANT SIZE    =   ----    ----
   XDATA SIZE       =   ----    ----
   PDATA SIZE       =   ----    ----
C51 COMPILER V9.60.0.0   MAIN                                                              09/22/2023 16:05:56 PAGE 2   

   DATA SIZE        =   ----       3
   IDATA SIZE       =   ----    ----
   BIT SIZE         =   ----    ----
END OF MODULE INFORMATION.


C51 COMPILATION COMPLETE.  0 WARNING(S),  0 ERROR(S)
