C51 COMPILER V9.60.0.0   MAIN                                                              09/15/2023 23:04:21 PAGE 1   


C51 COMPILER V9.60.0.0, COMPILATION OF MODULE MAIN
OBJECT MODULE PLACED IN .\Objects\main.obj
COMPILER INVOKED BY: C:\Keil_v5\C51\BIN\C51.EXE main.c OPTIMIZE(8,SPEED) BROWSE DEBUG OBJECTEXTEND PRINT(.\Listings\main
                    -.lst) TABS(2) OBJECT(.\Objects\main.obj)

line level    source

   1          #include "main.h"
   2          #include "../lib/delay.h"
   3          #include "../lib/Keypress.h"
   4          
   5          
   6          
   7          #define LED P2
   8          
   9          sbit LED_PIN1 = P3^0;//CHan dieu khien led
  10          sbit LED_PIN2 = P3^1;
  11          
  12          
  13          unsigned char code arrLED[]={0x3f, 0x6, 0x5b, 0x4f, 0x66, 0x6d,0x7d, 0x07, 0x7f, 0x6f };
  14          
  15          unsigned char KeyPress();
  16          
  17          void main(){
  18   1        unsigned char key, tmp ;
  19   1        while(1){
  20   2          key = KeyPress();
  21   2          if(key != 0){
  22   3            tmp = key;
  23   3          }
  24   2          LED_PIN2 = 0;
  25   2          LED = ~arrLED[tmp%10];
  26   2          Delay(1);
  27   2          LED_PIN2 = 1;
  28   2          
  29   2          LED_PIN1 = 0;
  30   2          LED = ~arrLED[tmp/10];
  31   2          Delay(1);
  32   2          LED_PIN1 = 1;
  33   2          
  34   2        }
  35   1      }
  36          


MODULE INFORMATION:   STATIC OVERLAYABLE
   CODE SIZE        =     60    ----
   CONSTANT SIZE    =     10    ----
   XDATA SIZE       =   ----    ----
   PDATA SIZE       =   ----    ----
   DATA SIZE        =   ----       1
   IDATA SIZE       =   ----    ----
   BIT SIZE         =   ----    ----
END OF MODULE INFORMATION.


C51 COMPILATION COMPLETE.  0 WARNING(S),  0 ERROR(S)
