C51 COMPILER V9.60.0.0   MAIN                                                              09/27/2023 18:11:46 PAGE 1   


C51 COMPILER V9.60.0.0, COMPILATION OF MODULE MAIN
OBJECT MODULE PLACED IN .\Objects\main.obj
COMPILER INVOKED BY: C:\Keil_v5\C51\BIN\C51.EXE main.c OPTIMIZE(8,SPEED) BROWSE DEBUG OBJECTEXTEND PRINT(.\Listings\main
                    -.lst) TABS(2) OBJECT(.\Objects\main.obj)

line level    source

   1          #include "main.h"
   2          #include "../lib/delay.h"
   3          #include <stdio.h>
   4          
   5          
   6          char UART_Ready(){
   7   1        return RI;
   8   1      }
   9          
  10          char UART_Read(){
  11   1        while(RI == 0);       // Doi den khi nao RI = 1 thi clear no ve 0;
  12   1        RI = 0;               //clear ve 0;
  13   1        return SBUF;
  14   1      }
  15          
  16          void UART_Write(char c){
  17   1        while(TI == 0);
  18   1        TI = 0;
  19   1        SBUF = c;
  20   1      }
  21          
  22          
  23          void UART_Write_text(char *str){
  24   1        unsigned char i = 0;
  25   1        while(str[i] != 0){
  26   2          UART_Write(str[i]);
  27   2          i++;
  28   2        }
  29   1      }
  30          
  31          void main(){
  32   1        unsigned char c , i ;
  33   1        
  34   1        
  35   1        
  36   1        //Khoi tao uart mode1
  37   1        SCON &= 0x0F; //Giu lai cac bit ban dau cho 4 bit thap
  38   1        SCON |= 0x53; // SM0 = 0; SM1 = 1; 
  39   1        //REN = 1 Cho phep nhan ki tu; 
  40   1        //TI = 1 co bao hieu truyen xong 1 ky tu va san sang truyen tiep theo
  41   1        //RI = 1 san sang nhan du lieu tiep theo
  42   1        
  43   1        //Thiet lap toc do Baud dung Timer1 tu dong nap 8 bit (kieu2)
  44   1        TMOD &= 0x0F;//Giu lai cac 4 bit thap cua timer0; 0b0000 xxxx;
  45   1        TMOD |= 0x20; // M1 = 1 ; M0 = 0;
  46   1        
  47   1        
  48   1        TR1 = 1 ;     //Dieu khien Timer duoc phep dem xung
  49   1        
  50   1        //Baud rate = 9600 , thach anh 11059200ul
  51   1        TH1 = 0xFD; 
  52   1        
  53   1        
  54   1        
C51 COMPILER V9.60.0.0   MAIN                                                              09/27/2023 18:11:46 PAGE 2   

  55   1        printf("Anh Truong");
  56   1        
  57   1        P1_0 = 0;
  58   1        
  59   1        while(1){
  60   2          //doc du lieu nhan vao tu may tinh
  61   2          c = UART_Read();
  62   2          
  63   2          //chon
  64   2          switch (c){
  65   3            
  66   3            case 0x00:
  67   3              P1_0 = !P1_0;
  68   3              break;
  69   3            case 0x01:
  70   3              P1_1 = !P1_1;
  71   3              break;
  72   3            case 0x02:
  73   3              P1_2 = !P1_2;
  74   3              break;
  75   3            case 0x03:
  76   3              P1_3 = !P1_3;
  77   3              break;
  78   3            case 0x04:
  79   3              P1_4 = !P1_4;
  80   3              break;
  81   3            case 0x05:
  82   3              P1_5 = !P1_5;
  83   3              break;
  84   3            case 0x06:
  85   3              P1_6 = !P1_6;
  86   3              break;
  87   3            case 0x07:
  88   3              P1_7 = !P1_7;
  89   3              break;
  90   3          }
  91   2        }
  92   1      
  93   1      }
*** WARNING C280 IN LINE 32 OF main.c: 'i': unreferenced local variable


MODULE INFORMATION:   STATIC OVERLAYABLE
   CODE SIZE        =    159    ----
   CONSTANT SIZE    =     11    ----
   XDATA SIZE       =   ----    ----
   PDATA SIZE       =   ----    ----
   DATA SIZE        =   ----       4
   IDATA SIZE       =   ----    ----
   BIT SIZE         =   ----    ----
END OF MODULE INFORMATION.


C51 COMPILATION COMPLETE.  1 WARNING(S),  0 ERROR(S)
