C51 COMPILER V9.60.0.0   MAIN                                                              10/09/2023 23:19:20 PAGE 1   


C51 COMPILER V9.60.0.0, COMPILATION OF MODULE MAIN
OBJECT MODULE PLACED IN .\Objects\main.obj
COMPILER INVOKED BY: C:\Keil_v5\C51\BIN\C51.EXE main.c OMF2 OPTIMIZE(8,SPEED) BROWSE DEBUG PRINT(.\Listings\main.lst) TA
                    -BS(2) OBJECT(.\Objects\main.obj)

line level    source

   1          #include "main.h"
   2          #include "../lib/delay.h"
   3          #include "port.h"
   4          #include "../Lib/LCD16x2_cmd.h"
   5          #include "../Lib/ADC0808.h"
   6          
   7          void main(){
   8   1        unsigned char ADC_value;
   9   1        unsigned int voltage;
  10   1        ADC_Init();
  11   1        LCD_Init();
  12   1        
  13   1        LCD_str_row_col(1,1 , "GiaTri:");
  14   1        LCD_str_row_col(1,8 , "Voltage:");
  15   1        while(1){
  16   2          ADC_value = ADC0808_Read(0);
  17   2          
  18   2          
  19   2          LCD_char_row_col(2, 1, ADC_value / 100 + 0x30);
  20   2          LCD_char_row_col(2, 2, ADC_value/10%10 + 0x30);
  21   2          LCD_char_row_col(2, 3, ADC_value%10 + 0x30);
  22   2          
  23   2          voltage = ADC_value * 19.61f;
  24   2          LCD_char_row_col(2, 8, voltage / 1000 + 0x30);
  25   2          LCD_char_row_col(2, 9, '.');
  26   2          LCD_char_row_col(2, 10, voltage%1000/100 + 0x30);
  27   2          LCD_char_row_col(2, 11, voltage%100/10 + 0x30);
  28   2          LCD_char_row_col(2, 12, voltage%10 + 0x30);
  29   2          Delay(300);
  30   2        }
  31   1      }


MODULE INFORMATION:   STATIC OVERLAYABLE
   CODE SIZE        =    248    ----
   CONSTANT SIZE    =     17    ----
   XDATA SIZE       =   ----    ----
   PDATA SIZE       =   ----    ----
   DATA SIZE        =   ----       3
   IDATA SIZE       =   ----    ----
   BIT SIZE         =   ----    ----
   EDATA SIZE       =   ----    ----
   HDATA SIZE       =   ----    ----
   XDATA CONST SIZE =   ----    ----
   FAR CONST SIZE   =   ----    ----
END OF MODULE INFORMATION.


C51 COMPILATION COMPLETE.  0 WARNING(S),  0 ERROR(S)
