C51 COMPILER V9.60.0.0   LCD16X2_CMD                                                       09/19/2023 16:53:17 PAGE 1   


C51 COMPILER V9.60.0.0, COMPILATION OF MODULE LCD16X2_CMD
OBJECT MODULE PLACED IN .\Objects\LCD16x2_cmd.obj
COMPILER INVOKED BY: C:\Keil_v5\C51\BIN\C51.EXE ..\Lib\LCD16x2_cmd.c OPTIMIZE(8,SPEED) BROWSE DEBUG OBJECTEXTEND PRINT(.
                    -\Listings\LCD16x2_cmd.lst) TABS(2) OBJECT(.\Objects\LCD16x2_cmd.obj)

line level    source

   1          //Khai bao cac cong giao tiep port
   2          //sbit LCD_RS = P2^0 ;
   3          //sbit LCD_EN = P2^1 ;
   4          //#define LCD P3
   5          #include "LCD16x2_cmd.h"
   6          #include "main.h"
   7          #include "port.h"
   8          #include "../lib/Delay.h"
   9          #include "../lib/LCD16x2_cmd.h"
  10          
  11          
  12          //Lenh
  13          void LCD_cmd(unsigned char cmd){
  14   1      
  15   1        LCD_RS = 0;//
  16   1        LCD = cmd ;
  17   1        LCD_EN = 0;
  18   1        LCD_EN = 1;
  19   1        if(cmd <= 0x02){
  20   2          Delay(2);
  21   2        }
  22   1        else 
  23   1          Delay(1);
  24   1      }
  25          //Lenh xuat ra ky tu
  26          void LCD_Data_char( char c){
  27   1        LCD_RS = 1;//du lieu gui theo dang text
  28   1        LCD = c ;
  29   1        LCD_EN = 0;
  30   1        LCD_EN = 1;
  31   1      
  32   1      }
  33          
  34          //Lenh xuat ra ky tu tai hang row va cot col
  35          void LCD_char_row_col(unsigned char row , unsigned char col, char c){
  36   1        unsigned char cmd;
  37   1        
  38   1        //di chuyen con tro den diem mong muon
  39   1        cmd = (cmd == 1 ? 0x80 : 0x80+0x40) + col -1;
  40   1        LCD_cmd(cmd);//da di chuyen con tro
  41   1        
  42   1        LCD_Data_char(c);
  43   1        
  44   1      }
*** WARNING C280 IN LINE 35 OF ..\Lib\LCD16x2_cmd.c: 'row': unreferenced local variable
  45          
  46          // gui va xuat ra chuoi string
  47          void LCD_Data_str(char *c){
  48   1        unsigned char i = 0;
  49   1        while(c[i]!= 0 ){
  50   2          LCD_Data_char(c[i]);
  51   2          i++;
  52   2        }
  53   1      }
C51 COMPILER V9.60.0.0   LCD16X2_CMD                                                       09/19/2023 16:53:17 PAGE 2   

  54          void LCD_str_row_col(unsigned char row , unsigned char col, char *c){
  55   1        unsigned char cmd;
  56   1        //di chuyen con tro den vi tri can thiet
  57   1        
  58   1        cmd = (row == 1 ? 0x80 : (0x80 + 0x40)) + col - 1;
  59   1        LCD_cmd(cmd);
  60   1        
  61   1        LCD_Data_str(c);
  62   1        
  63   1      }
  64          
  65          //ham khoi tao led 
  66          void LCD_Init(){//Khoi tao LCD
  67   1        LCD_cmd(0x30);
  68   1        Delay(5);
  69   1        LCD_cmd(0x30);
  70   1        Delay(1);
  71   1        LCD_cmd(0x30);
  72   1        
  73   1        LCD_cmd(0x30); // so dong hien thi(neu dung 4 bit thi 0x30)
  74   1        
  75   1        LCD_cmd(0x01);//Xoa noi dung hien thi
  76   1        LCD_cmd(0x0C);
  77   1      }
  78          
  79          
  80          


MODULE INFORMATION:   STATIC OVERLAYABLE
   CODE SIZE        =    183    ----
   CONSTANT SIZE    =   ----    ----
   XDATA SIZE       =   ----    ----
   PDATA SIZE       =   ----    ----
   DATA SIZE        =   ----       9
   IDATA SIZE       =   ----    ----
   BIT SIZE         =   ----    ----
END OF MODULE INFORMATION.


C51 COMPILATION COMPLETE.  1 WARNING(S),  0 ERROR(S)
