C51 COMPILER V9.60.0.0   MAIN                                                              09/19/2023 16:50:41 PAGE 1   


C51 COMPILER V9.60.0.0, COMPILATION OF MODULE MAIN
OBJECT MODULE PLACED IN .\Objects\main.obj
COMPILER INVOKED BY: C:\Keil_v5\C51\BIN\C51.EXE main.c OPTIMIZE(8,SPEED) BROWSE DEBUG OBJECTEXTEND PRINT(.\Listings\main
                    -.lst) TABS(2) OBJECT(.\Objects\main.obj)

line level    source

   1          #include "main.h"
   2          #include "../lib/delay.h"
   3          #include "../lib/LCD16x2_cmd.h"
   4          #include "port.h"
   5          #include "../lib/Rtc_Ds1307.h"
   6          #include "../lib/Soft_I2C.h"
   7          
   8          
   9          
  10          
  11          
  12          
  13          
  14          
  15          void main(){
  16   1        
  17   1        unsigned char hour ,minute , second, mode, day , date, month, year ;
  18   1        
  19   1        //khoi tao 
  20   1        Soft_I2c_Init();
  21   1        Ds1307_Init();
  22   1        //khoi tao lcd
  23   1        LCD_Init();
  24   1        
  25   1        while(1){
  26   2          Ds1307_Read_Time(&hour, &minute,&second,&mode);
  27   2          LCD_char_row_col(1,4,hour/10 + 0x30);
  28   2          LCD_Data_char(hour%10 + 0x30);
  29   2          LCD_Data_char(':');
  30   2          LCD_Data_char(minute/10+0x30);
  31   2          LCD_Data_char(minute%10 + 0x30);
  32   2          LCD_Data_char(':');
  33   2          LCD_Data_char(second/10+0x30);
  34   2          LCD_Data_char(second%10 + 0x30);
  35   2        
  36   2        }
  37   1      }
*** WARNING C280 IN LINE 17 OF main.c: 'day': unreferenced local variable
*** WARNING C280 IN LINE 17 OF main.c: 'date': unreferenced local variable
*** WARNING C280 IN LINE 17 OF main.c: 'month': unreferenced local variable
*** WARNING C280 IN LINE 17 OF main.c: 'year': unreferenced local variable


MODULE INFORMATION:   STATIC OVERLAYABLE
   CODE SIZE        =    140    ----
   CONSTANT SIZE    =   ----    ----
   XDATA SIZE       =   ----    ----
   PDATA SIZE       =   ----    ----
   DATA SIZE        =   ----       8
   IDATA SIZE       =   ----    ----
   BIT SIZE         =   ----    ----
END OF MODULE INFORMATION.


C51 COMPILATION COMPLETE.  4 WARNING(S),  0 ERROR(S)
