C51 COMPILER V9.60.0.0   ADC0804                                                           10/10/2023 00:02:01 PAGE 1   


C51 COMPILER V9.60.0.0, COMPILATION OF MODULE ADC0804
OBJECT MODULE PLACED IN .\Objects\ADC0804.obj
COMPILER INVOKED BY: C:\Keil_v5\C51\BIN\C51.EXE ..\Lib\ADC0804.c OMF2 OPTIMIZE(8,SPEED) BROWSE DEBUG PRINT(.\Listings\AD
                    -C0804.lst) TABS(2) OBJECT(.\Objects\ADC0804.obj)

line level    source

   1          //khai bao các cong giao tiep
   2          /*#ifndef   _PORT_H_
   3          #define   _PORT_H_
   4          
   5          //Khai bao cac cong giao tiep port
   6          sbit LCD_RS = P2^0 ;
   7          sbit LCD_EN = P2^1 ;
   8          #define LCD P3
   9          
  10          sbit ADC0804_CS = P2^2;
  11          sbit ADC0804_RD = P2^3;
  12          sbit ADC0804_WR = P2^4;
  13          sbit ADC0804_INTR = P2^5;
  14          
  15          #define ADC0804_DATA P1
  16          
  17          
  18          #endif
  19          */
  20          
  21          
  22          #include "ADC0804.h"
  23          #include "main.h"
  24          #include "port.h"
  25          
  26          
  27          
  28          unsigned char ADC_0804_Read(){
  29   1        unsigned char kq;
  30   1        
  31   1        //chon chip
  32   1        ADC0804_CS = 0;
  33   1        
  34   1        //Tao xung bat dau chuyen doi
  35   1        ADC0804_WR = 0;
  36   1        ADC0804_WR = 1;
  37   1        
  38   1        //Doi den khi nao chuyen doi xong;
  39   1        while(ADC0804_INTR);
  40   1        
  41   1        //Doc gia tri sau khi chuyen doi
  42   1        
  43   1        ADC0804_RD = 0;
  44   1        kq = ADC0804_DATA ;
  45   1        ADC0804_RD = 1;
  46   1        
  47   1        return kq;
  48   1       
  49   1      }


MODULE INFORMATION:   STATIC OVERLAYABLE
   CODE SIZE        =     16    ----
   CONSTANT SIZE    =   ----    ----
C51 COMPILER V9.60.0.0   ADC0804                                                           10/10/2023 00:02:01 PAGE 2   

   XDATA SIZE       =   ----    ----
   PDATA SIZE       =   ----    ----
   DATA SIZE        =   ----    ----
   IDATA SIZE       =   ----    ----
   BIT SIZE         =   ----    ----
   EDATA SIZE       =   ----    ----
   HDATA SIZE       =   ----    ----
   XDATA CONST SIZE =   ----    ----
   FAR CONST SIZE   =   ----    ----
END OF MODULE INFORMATION.


C51 COMPILATION COMPLETE.  0 WARNING(S),  0 ERROR(S)
