C51 COMPILER V9.60.0.0   MAIN                                                              10/10/2023 10:25:29 PAGE 1   


C51 COMPILER V9.60.0.0, COMPILATION OF MODULE MAIN
OBJECT MODULE PLACED IN .\Objects\main.obj
COMPILER INVOKED BY: C:\Keil_v5\C51\BIN\C51.EXE main.c OMF2 OPTIMIZE(8,SPEED) BROWSE DEBUG PRINT(.\Listings\main.lst) TA
                    -BS(2) OBJECT(.\Objects\main.obj)

line level    source

   1          #include "main.h"
   2          #include "../lib/delay.h"
   3          #include "port.h"
   4          #include "../Lib/ADC0804.h"
   5          #include "../Lib/LCD16x2_cmd.h"
   6          
   7          
   8          
   9          void main(){
  10   1        unsigned char Temp;
  11   1        LCD_Init();
  12   1        LCD_str_row_col(1, 1 ,"Nhiet DO: ");
  13   1        LCD_str_row_col(2, 6 ,"Do C");
  14   1        while(1){
  15   2          Temp = (ADC_0804_Read()+0.5 )* 1.91f;
  16   2          
  17   2          LCD_char_row_col(2, 1 ,Temp/100 + 0x30);
  18   2          LCD_char_row_col(2, 2 ,Temp/10%10 + 0x30);
  19   2          LCD_char_row_col(2, 3 ,Temp%10 + 0x30);
  20   2          
  21   2          Delay(300);
  22   2        }
  23   1      
  24   1      }


MODULE INFORMATION:   STATIC OVERLAYABLE
   CODE SIZE        =    128    ----
   CONSTANT SIZE    =     16    ----
   XDATA SIZE       =   ----    ----
   PDATA SIZE       =   ----    ----
   DATA SIZE        =   ----       1
   IDATA SIZE       =   ----    ----
   BIT SIZE         =   ----    ----
   EDATA SIZE       =   ----    ----
   HDATA SIZE       =   ----    ----
   XDATA CONST SIZE =   ----    ----
   FAR CONST SIZE   =   ----    ----
END OF MODULE INFORMATION.


C51 COMPILATION COMPLETE.  0 WARNING(S),  0 ERROR(S)
