C51 COMPILER V9.60.0.0   MAIN                                                              10/07/2023 16:35:31 PAGE 1   


C51 COMPILER V9.60.0.0, COMPILATION OF MODULE MAIN
OBJECT MODULE PLACED IN .\Objects\main.obj
COMPILER INVOKED BY: C:\Keil_v5\C51\BIN\C51.EXE main.c OPTIMIZE(8,SPEED) BROWSE DEBUG OBJECTEXTEND PRINT(.\Listings\main
                    -.lst) TABS(2) OBJECT(.\Objects\main.obj)

line level    source

   1          #include "main.h"
   2          #include "../lib/delay.h"
   3          
   4          
   5          
   6          
   7          void main(){
   8   1        P2 = 0;
   9   1        while(1){
  10   2          do
  11   2          {
  12   3            P2++;
  13   3            Delay(5);
  14   3          }
  15   2          while(P2 != 255);
  16   2          do{
  17   3            P2--;
  18   3            Delay(5);
  19   3          }
  20   2          while(P2 != 0);
  21   2        }
  22   1      
  23   1      }


MODULE INFORMATION:   STATIC OVERLAYABLE
   CODE SIZE        =     34    ----
   CONSTANT SIZE    =   ----    ----
   XDATA SIZE       =   ----    ----
   PDATA SIZE       =   ----    ----
   DATA SIZE        =   ----    ----
   IDATA SIZE       =   ----    ----
   BIT SIZE         =   ----    ----
END OF MODULE INFORMATION.


C51 COMPILATION COMPLETE.  0 WARNING(S),  0 ERROR(S)
