C51 COMPILER V9.60.0.0   MAIN                                                              09/23/2023 01:54:39 PAGE 1   


C51 COMPILER V9.60.0.0, COMPILATION OF MODULE MAIN
OBJECT MODULE PLACED IN .\Objects\main.obj
COMPILER INVOKED BY: C:\Keil_v5\C51\BIN\C51.EXE main.c OPTIMIZE(8,SPEED) BROWSE DEBUG OBJECTEXTEND PRINT(.\Listings\main
                    -.lst) TABS(2) OBJECT(.\Objects\main.obj)

line level    source

   1          #include "main.h"
   2          #include "../lib/delay.h"
   3          
   4          
   5          
   6          
   7          
   8          void main(){
   9   1        unsigned char b;
  10   1        P1_0 = 0;
  11   1        //Cau hinh UART voi  che do8 bit khong dam bao
  12   1        SM0 = 0; 
  13   1        SM1 = 0;
  14   1        REN = 1;    // San sang nhan du lieu
  15   1        
  16   1        
  17   1        
  18   1        
  19   1        while(1){
  20   2          P3_2 = 0;     //tao xung chot du lieu
  21   2          Delay(2);
  22   2          P3_2 = 1;
  23   2          
  24   2          RI = 0;
  25   2          while(RI == 0);
  26   2          b = SBUF;
  27   2          
  28   2          if((b & 0x02) == 0){
  29   3            P1_0 = 1;
  30   3          }
  31   2          if((b & 0x01) == 0) {
  32   3            P1_0 = 0;
  33   3          }
  34   2      
  35   2        }
  36   1      
  37   1      }


MODULE INFORMATION:   STATIC OVERLAYABLE
   CODE SIZE        =     45    ----
   CONSTANT SIZE    =   ----    ----
   XDATA SIZE       =   ----    ----
   PDATA SIZE       =   ----    ----
   DATA SIZE        =   ----       1
   IDATA SIZE       =   ----    ----
   BIT SIZE         =   ----    ----
END OF MODULE INFORMATION.


C51 COMPILATION COMPLETE.  0 WARNING(S),  0 ERROR(S)
