C51 COMPILER V9.60.0.0   MAIN                                                              10/08/2023 15:45:06 PAGE 1   


C51 COMPILER V9.60.0.0, COMPILATION OF MODULE MAIN
OBJECT MODULE PLACED IN main.OBJ
COMPILER INVOKED BY: C:\Keil_v5\C51\BIN\C51.EXE main.c OMF2 OPTIMIZE(8,SPEED) BROWSE DEBUG TABS(2)

line level    source

   1          #include "main.h"
   2          #include "..\lib\Delay.h"
   3          #include "..\lib\Lcd4.h"
   4          
   5          unsigned char Adc_Read();
   6          
   7          void main()
   8          {
   9   1        unsigned char adc_value;
  10   1        unsigned int voltage;
  11   1      
  12   1        Lcd_Init();
  13   1      
  14   1        while(1)
  15   1        {
  16   2          adc_value = Adc_Read();
  17   2          voltage = adc_value * 1.953125f;
  18   2          // 0.00 -> 5.00;
  19   2          // 000 -> 500
  20   2          
  21   2          Lcd_Chr(1,1,adc_value/100+0x30);
  22   2          Lcd_Chr_Cp(adc_value%100/10+0x30);
  23   2          Lcd_Chr_Cp(adc_value%10+0x30);
  24   2          
  25   2          Lcd_Chr(2,1,voltage/100+0x30);
  26   2          Lcd_Chr_Cp('.');
  27   2          Lcd_Chr_Cp(voltage%100/10+0x30);
  28   2          Lcd_Chr_Cp(voltage%10+0x30);
  29   2      
  30   2          Delay_ms(500);  
  31   2        }
  32   1      }
  33          
  34          unsigned char Adc_Read()
  35          {
  36   1        P2 = 255;
  37   1        while(P3_0)
  38   1        {
  39   2          P2--;
  40   2          if(P2==0) break;
  41   2        }
  42   1      
  43   1        return P2;
  44   1      }


MODULE INFORMATION:   STATIC OVERLAYABLE
   CODE SIZE        =    181    ----
   CONSTANT SIZE    =   ----    ----
   XDATA SIZE       =   ----    ----
   PDATA SIZE       =   ----    ----
   DATA SIZE        =   ----       3
   IDATA SIZE       =   ----    ----
   BIT SIZE         =   ----    ----
   EDATA SIZE       =   ----    ----
C51 COMPILER V9.60.0.0   MAIN                                                              10/08/2023 15:45:06 PAGE 2   

   HDATA SIZE       =   ----    ----
   XDATA CONST SIZE =   ----    ----
   FAR CONST SIZE   =   ----    ----
END OF MODULE INFORMATION.


C51 COMPILATION COMPLETE.  0 WARNING(S),  0 ERROR(S)
