C51 COMPILER V9.60.0.0   MAIN                                                              08/16/2023 22:18:18 PAGE 1   


C51 COMPILER V9.60.0.0, COMPILATION OF MODULE MAIN
OBJECT MODULE PLACED IN .\Objects\main.obj
COMPILER INVOKED BY: C:\Keil_v5\C51\BIN\C51.EXE main.c OPTIMIZE(8,SPEED) BROWSE DEBUG OBJECTEXTEND PRINT(.\Listings\main
                    -.lst) TABS(2) OBJECT(.\Objects\main.obj)

line level    source

   1          #include "main.h"
   2          #include "..\Lib\Delay.h"
   3          
   4          #define LED_PORT P2
   5          void BTatdan()
   6          {
   7   1        unsigned char i;
   8   1        LED_PORT = 0x00;
   9   1        for(i = 0 ; i<8 ; i++)
  10   1        {
  11   2          LED_PORT |= (0x80 >> i);
  12   2          Delay(100);
  13   2        }
  14   1        for(i = 0; i < 8 ; i++){
  15   2          LED_PORT &= ~(0x80 >> i);
  16   2          Delay(100);
  17   2      }
  18   1      }
  19          void BTatdan1()
  20          {
  21   1        unsigned char i;
  22   1        LED_PORT = 0x00;
  23   1        for (i = 0 ; i < 8 ; i++ ){
  24   2          LED_PORT |= (1 << i);
  25   2          Delay(100);
  26   2        }
  27   1        for (i = 0 ; i < 8 ; i++ ){
  28   2          LED_PORT &= ~(1 << i);
  29   2          Delay(100);
  30   2        }
  31   1      }
  32          void nhayled(){
  33   1        unsigned char i;
  34   1          for(i = 0; i < 10 ; i++){
  35   2            LED_PORT = 0xaa;
  36   2            Delay(100);
  37   2            LED_PORT = ~LED_PORT;
  38   2            Delay(100);
  39   2          }
  40   1      }
  41          void conran(){
  42   1        unsigned char i;
  43   1        for (i = 0; i < 8 ; i++){
  44   2          LED_PORT = 0x00 ; 
  45   2          LED_PORT |= (0x5 << i);
  46   2          if(i == 6) {
  47   3              P2_0 = !P2_0;
  48   3            }
  49   2            if(i == 7) {
  50   3              P2_1 = !P2_1;
  51   3            }
  52   2          Delay(100);
  53   2        }
  54   1      }
C51 COMPILER V9.60.0.0   MAIN                                                              08/16/2023 22:18:18 PAGE 2   

  55          
  56          
  57          void main(){
  58   1          BTatdan();
  59   1          BTatdan1();
  60   1          nhayled();
  61   1          conran();
  62   1      }
  63          


MODULE INFORMATION:   STATIC OVERLAYABLE
   CODE SIZE        =    282    ----
   CONSTANT SIZE    =   ----    ----
   XDATA SIZE       =   ----    ----
   PDATA SIZE       =   ----    ----
   DATA SIZE        =   ----       4
   IDATA SIZE       =   ----    ----
   BIT SIZE         =   ----    ----
END OF MODULE INFORMATION.


C51 COMPILATION COMPLETE.  0 WARNING(S),  0 ERROR(S)
