C51 COMPILER V9.60.0.0   MAIN                                                              09/30/2023 15:54:46 PAGE 1   


C51 COMPILER V9.60.0.0, COMPILATION OF MODULE MAIN
OBJECT MODULE PLACED IN .\Objects\main.obj
COMPILER INVOKED BY: C:\Keil_v5\C51\BIN\C51.EXE main.c OPTIMIZE(8,SPEED) BROWSE DEBUG OBJECTEXTEND PRINT(.\Listings\main
                    -.lst) TABS(2) OBJECT(.\Objects\main.obj)

line level    source

   1          #include "main.h"
   2          #include "../lib/delay.h"
   3          #include "../lib/LCD16x2_cmd.h"
   4          #include "port.h"
   5          
   6          
   7          void main(){
   8   1        unsigned int  t,f ;  //t : th?i gian nua chu ky: T/2 (s); f = 1/T (hz)
   9   1        LCD_Init();
  10   1        LCD_str_row_col(1 , 1 , "T = ");
  11   1        LCD_str_row_col(2 , 1 , "f = ");
  12   1      
  13   1        TMOD &= 0xF0;
  14   1        TMOD |= 0x09;   //GATE = 1; M0 = 1;
  15   1        
  16   1        
  17   1        
  18   1        while(1){
  19   2          
  20   2          TH0 = 0;
  21   2          TL0 = 0;
  22   2          
  23   2          while(INT0);    //bo qua muc 1 dau tien
  24   2          while(!INT0);   //bo qua muc 0 
  25   2          //khi INT0  len muc 1 bo dinh thoi duoc mo cong va  nhan xung clock 1mhz
  26   2          TR0 = 1;  //cho phep dem;
  27   2          
  28   2          while(INT0);  // dem den khi nào INT0 = 0; thì TR0 = 0 (dung dem);
  29   2          
  30   2          TR0 = 0;
  31   2          
  32   2          t = TH0;
  33   2          t <<= 8;
  34   2          t |= TL0 ;
  35   2          
  36   2          t*=2;
  37   2          LCD_char_row_col(1 , 5 ,t/10000 +0x30 );
  38   2          LCD_Data_char(t%10000/1000 + 0x30);
  39   2          LCD_Data_char(t%1000/100 + 0x30);
  40   2          LCD_Data_char(t%100/10 + 0x30);
  41   2          LCD_Data_char(t%10 + 0x30);
  42   2          
  43   2          f = 1000000/t;
  44   2          LCD_char_row_col(2 , 5 ,f/10000 + 0x30 );
  45   2          LCD_Data_char(f%10000/1000 + 0x30);
  46   2          LCD_Data_char(f%1000/100 + 0x30);
  47   2          LCD_Data_char(f%100/10 + 0x30);
  48   2          LCD_Data_char(f%10 + 0x30);
  49   2          
  50   2        }
  51   1      
  52   1      }


C51 COMPILER V9.60.0.0   MAIN                                                              09/30/2023 15:54:46 PAGE 2   

MODULE INFORMATION:   STATIC OVERLAYABLE
   CODE SIZE        =    372    ----
   CONSTANT SIZE    =     10    ----
   XDATA SIZE       =   ----    ----
   PDATA SIZE       =   ----    ----
   DATA SIZE        =   ----       4
   IDATA SIZE       =   ----    ----
   BIT SIZE         =   ----    ----
END OF MODULE INFORMATION.


C51 COMPILATION COMPLETE.  0 WARNING(S),  0 ERROR(S)
