C51 COMPILER V9.60.0.0   MAIN                                                              08/16/2023 16:30:45 PAGE 1   


C51 COMPILER V9.60.0.0, COMPILATION OF MODULE MAIN
OBJECT MODULE PLACED IN .\Objects\main.obj
COMPILER INVOKED BY: C:\Keil_v5\C51\BIN\C51.EXE main.c OPTIMIZE(8,SPEED) BROWSE DEBUG OBJECTEXTEND PRINT(.\Listings\main
                    -.lst) TABS(2) OBJECT(.\Objects\main.obj)

line level    source

   1          #include "main.h"
   2          #include "..\Lib\Delay.h"
   3          
   4          #define LED_PORT P2
   5          
   6          void main(){
   7   1        LED_PORT = 0x55;
   8   1        Delay(500);
   9   1        while(1){
  10   2          LED_PORT = ~LED_PORT;
  11   2          Delay(500);
  12   2        }
  13   1      }


MODULE INFORMATION:   STATIC OVERLAYABLE
   CODE SIZE        =     22    ----
   CONSTANT SIZE    =   ----    ----
   XDATA SIZE       =   ----    ----
   PDATA SIZE       =   ----    ----
   DATA SIZE        =   ----    ----
   IDATA SIZE       =   ----    ----
   BIT SIZE         =   ----    ----
END OF MODULE INFORMATION.


C51 COMPILATION COMPLETE.  0 WARNING(S),  0 ERROR(S)
