C51 COMPILER V9.60.0.0   MAIN3                                                             10/03/2023 23:34:37 PAGE 1   


C51 COMPILER V9.60.0.0, COMPILATION OF MODULE MAIN3
OBJECT MODULE PLACED IN .\Objects\main3.obj
COMPILER INVOKED BY: C:\Keil_v5\C51\BIN\C51.EXE main3.c OPTIMIZE(8,SPEED) BROWSE DEBUG OBJECTEXTEND PRINT(.\Listings\mai
                    -n3.lst) TABS(2) OBJECT(.\Objects\main3.obj)

line level    source

   1          #include "main.h"
   2          #include "../lib/delay.h"
   3          
   4          
   5          
   6          
   7          void main(){
   8   1        //Cau hinh timer/counter 2 lam bo tao xung clock
   9   1        T2CON = 0x00;     //C/T2 = 0;
  10   1        T2MOD = 0x02 ;    //T2OE = 1;
  11   1        
  12   1        
  13   1        RCAP2H = 0xFF; //
  14   1        RCAP2L = 0xB1;  //
  15   1        
  16   1      
  17   1        
  18   1        TR2 = 1;    //BAT DAU DEM
  19   1          
  20   1          ////Cau hinh timer1/counter1 lam bo tao xung clock chan P2.0;
  21   1      //    TMOD &= 0x0F;
  22   1      //    TMOD |= 0x10;
  23   1          
  24   1        while(1){
  25   2          
  26   2      //    TH1 = 0xFC ; 
  27   2      //    TL1 = 0x18 ;
  28   2      //    
  29   2      //    TR1 = 1;
  30   2      
  31   2      //    while(TF1 == 0);
  32   2      
  33   2      //    P2_0 = !P2_0;
  34   2      //  
  35   2      //    TF1 = 0;
  36   2        }
  37   1      
  38   1      }


MODULE INFORMATION:   STATIC OVERLAYABLE
   CODE SIZE        =     16    ----
   CONSTANT SIZE    =   ----    ----
   XDATA SIZE       =   ----    ----
   PDATA SIZE       =   ----    ----
   DATA SIZE        =   ----    ----
   IDATA SIZE       =   ----    ----
   BIT SIZE         =   ----    ----
END OF MODULE INFORMATION.


C51 COMPILATION COMPLETE.  0 WARNING(S),  0 ERROR(S)
