C51 COMPILER V9.60.0.0   MAIN                                                              10/02/2023 17:00:22 PAGE 1   


C51 COMPILER V9.60.0.0, COMPILATION OF MODULE MAIN
OBJECT MODULE PLACED IN .\Objects\main.obj
COMPILER INVOKED BY: C:\Keil_v5\C51\BIN\C51.EXE main.c OPTIMIZE(8,SPEED) BROWSE DEBUG OBJECTEXTEND PRINT(.\Listings\main
                    -.lst) TABS(2) OBJECT(.\Objects\main.obj)

line level    source

   1          #include "main.h"
   2          #include "../lib/delay.h"
   3          
   4          
   5          void DelayTimer2_1ms(unsigned int t){
   6   1        unsigned char i ;
   7   1          //Khoi tao timer o che do tu nap lai
   8   1        T2CON = 0x00;
   9   1        T2MOD = 0x00;
  10   1        
  11   1        //khoi tao gia tri ban dau cho bit luu;
  12   1        RCAP2H = 0x3C;
  13   1        RCAP2L = 0xB0;
  14   1        
  15   1        TH2 = 0x3C ;
  16   1        TL2 = 0xB0 ;
  17   1        
  18   1        TR2 = 1;
  19   1        for(i = 0 ; i < (1/50)*t ; i ++){
  20   2          while(TF2 == 0);
  21   2          TF2 = 0;
  22   2        }
  23   1        TR2 = 0;
  24   1      }
  25          
  26          
  27          void main(){
  28   1        
  29   1        while(1){
  30   2          P1 = ~P1;
  31   2          DelayTimer2_1ms(200);
  32   2        }
  33   1      
  34   1      }


MODULE INFORMATION:   STATIC OVERLAYABLE
   CODE SIZE        =     53    ----
   CONSTANT SIZE    =   ----    ----
   XDATA SIZE       =   ----    ----
   PDATA SIZE       =   ----    ----
   DATA SIZE        =   ----       2
   IDATA SIZE       =   ----    ----
   BIT SIZE         =   ----    ----
END OF MODULE INFORMATION.


C51 COMPILATION COMPLETE.  0 WARNING(S),  0 ERROR(S)
