C51 COMPILER V9.60.0.0   MAIN2                                                             10/03/2023 13:32:42 PAGE 1   


C51 COMPILER V9.60.0.0, COMPILATION OF MODULE MAIN2
OBJECT MODULE PLACED IN .\Objects\main2.obj
COMPILER INVOKED BY: C:\Keil_v5\C51\BIN\C51.EXE main2.c OMF2 OPTIMIZE(8,SPEED) BROWSE DEBUG PRINT(.\Listings\main2.lst) 
                    -TABS(2) OBJECT(.\Objects\main2.obj)

line level    source

   1          #include "main.h"
   2          #include "../lib/delay.h"
   3          
   4          
   5          
   6          
   7          void main(){
   8   1        
   9   1        T2CON = 0x08;
  10   1        T2MOD = 0x00;
  11   1        
  12   1        RCAP2H  = 0x3C;
  13   1        RCAP2L = 0xB0;
  14   1        
  15   1        P2 = 0x00;
  16   1        
  17   1        ET2 = 1; //cho phep  ngat timer2
  18   1      
  19   1        
  20   1        EA = 1;   //cho phep ngat toan cuc
  21   1        
  22   1        while(1){
  23   2          
  24   2        }
  25   1      
  26   1      }
  27          
  28          
  29          void Timer2_Overflow(void) interrupt 5
  30          {
  31   1        if(EXF2 != 0){
  32   2          TR2 = 1;
  33   2          EXF2 = 0;
  34   2        }
  35   1        else
  36   1        {
  37   2          TR2 = 0;
  38   2          P2++;
  39   2          TF2 = 0;
  40   2          
  41   2        }
  42   1      }
  43          
  44          
  45          
  46          
  47          
  48          
  49          
  50          
  51          
  52          
  53          
  54          
C51 COMPILER V9.60.0.0   MAIN2                                                             10/03/2023 13:32:42 PAGE 2   

  55          
  56          


MODULE INFORMATION:   STATIC OVERLAYABLE
   CODE SIZE        =     38    ----
   CONSTANT SIZE    =   ----    ----
   XDATA SIZE       =   ----    ----
   PDATA SIZE       =   ----    ----
   DATA SIZE        =   ----    ----
   IDATA SIZE       =   ----    ----
   BIT SIZE         =   ----    ----
   EDATA SIZE       =   ----    ----
   HDATA SIZE       =   ----    ----
   XDATA CONST SIZE =   ----    ----
   FAR CONST SIZE   =   ----    ----
END OF MODULE INFORMATION.


C51 COMPILATION COMPLETE.  0 WARNING(S),  0 ERROR(S)
