C51 COMPILER V9.60.0.0   MAIN                                                              09/24/2023 21:23:10 PAGE 1   


C51 COMPILER V9.60.0.0, COMPILATION OF MODULE MAIN
OBJECT MODULE PLACED IN .\Objects\main.obj
COMPILER INVOKED BY: C:\Keil_v5\C51\BIN\C51.EXE main.c OMF2 OPTIMIZE(8,SPEED) BROWSE DEBUG PRINT(.\Listings\main.lst) TA
                    -BS(2) OBJECT(.\Objects\main.obj)

line level    source

   1          #include "main.h"
   2          #include "../lib/Delay.h"
   3          #include "../lib/UART_Mode1.h"
   4          
   5          
   6          
   7          
   8          void main(){
   9   1        char c;
  10   1        // khoi tao UART
  11   1        UART_init();
  12   1        
  13   1        while(1){
  14   2          UART_Write_text("Nhap ky tu : "); 
  15   2          while(UART_Ready() == 0);   //duoc set neu nhu bo thu da nhan su lieu, neu khong thi loop den khi nao nha
             -n du lieu
  16   2          
  17   2          c = UART_Read();
  18   2          c -= 32;
  19   2          UART_Write_text("->");
  20   2          UART_Write(c);
  21   2      
  22   2          UART_Write_text("\r\n");
  23   2          
  24   2        }
  25   1      
  26   1      }


MODULE INFORMATION:   STATIC OVERLAYABLE
   CODE SIZE        =     58    ----
   CONSTANT SIZE    =     20    ----
   XDATA SIZE       =   ----    ----
   PDATA SIZE       =   ----    ----
   DATA SIZE        =   ----       1
   IDATA SIZE       =   ----    ----
   BIT SIZE         =   ----    ----
   EDATA SIZE       =   ----    ----
   HDATA SIZE       =   ----    ----
   XDATA CONST SIZE =   ----    ----
   FAR CONST SIZE   =   ----    ----
END OF MODULE INFORMATION.


C51 COMPILATION COMPLETE.  0 WARNING(S),  0 ERROR(S)
