C51 COMPILER V9.60.0.0   MAIN                                                              09/17/2023 01:47:36 PAGE 1   


C51 COMPILER V9.60.0.0, COMPILATION OF MODULE MAIN
OBJECT MODULE PLACED IN .\Objects\main.obj
COMPILER INVOKED BY: C:\Keil_v5\C51\BIN\C51.EXE main.c OPTIMIZE(8,SPEED) BROWSE DEBUG OBJECTEXTEND PRINT(.\Listings\main
                    -.lst) TABS(2) OBJECT(.\Objects\main.obj)

line level    source

   1          #include "main.h"
   2          #include "../lib/Delay.h"
   3          
   4          sbit LED1 = P2^0;
   5          sbit LED2 = P2^1;
   6          
   7          
   8          //Ma LEd
   9          unsigned char code arrLED[]={0x3f, 0x6, 0x5b, 0x4f, 0x66, 0x6d,0x7d, 0x07, 0x7f, 0x6f };
  10          
  11          void main(){
  12   1        
  13   1        unsigned char i;
  14   1        
  15   1        LED1 = LED2 = 0;
  16   1        while(1){
  17   2          
  18   2          for(i = 0; i < 100 ; i++){
  19   3            P0 =  ~arrLED[i/10];
  20   3            LED1 = 1;
  21   3            LED1 = 0;
  22   3            
  23   3            P0 =  ~arrLED[i%10];
  24   3            LED2 = 1;
  25   3            LED2 = 0;
  26   3          
  27   3            
  28   3            Delay(200);
  29   3            
  30   3          }
  31   2        
  32   2        }
  33   1      
  34   1      }


MODULE INFORMATION:   STATIC OVERLAYABLE
   CODE SIZE        =     62    ----
   CONSTANT SIZE    =     10    ----
   XDATA SIZE       =   ----    ----
   PDATA SIZE       =   ----    ----
   DATA SIZE        =   ----       1
   IDATA SIZE       =   ----    ----
   BIT SIZE         =   ----    ----
END OF MODULE INFORMATION.


C51 COMPILATION COMPLETE.  0 WARNING(S),  0 ERROR(S)
