C51 COMPILER V9.60.0.0   MAIN                                                              10/01/2023 11:23:31 PAGE 1   


C51 COMPILER V9.60.0.0, COMPILATION OF MODULE MAIN
OBJECT MODULE PLACED IN .\Objects\main.obj
COMPILER INVOKED BY: C:\Keil_v5\C51\BIN\C51.EXE main.c OPTIMIZE(8,SPEED) BROWSE DEBUG OBJECTEXTEND PRINT(.\Listings\main
                    -.lst) TABS(2) OBJECT(.\Objects\main.obj)

line level    source

   1          #include "main.h"
   2          #include "../lib/delay.h"
   3          
   4          unsigned char count = 5 ;
   5          
   6          
   7          
   8          void main(){
   9   1        
  10   1        unsigned char i ;
  11   1        
  12   1        TMOD &= 0xF0; 
  13   1        TMOD |= 0x01; //Mode 1;
  14   1        
  15   1        TH0 = 0x3C;
  16   1        TL0 = 0xB0 ;
  17   1        
  18   1        ET0 = 1;    //cho phep ngat timer0
  19   1        
  20   1        EA = 1 ;    //Cho phep ngat toan cuc
  21   1        
  22   1        TR0  = 1 ;    //cho phep timer0  dem ;
  23   1        //Dem den khi nao ngat timer0 duoc kich hoat
  24   1        //khi ham ngat thuc hien xong se quay lai tiep tuc thuc hien ham main
  25   1        
  26   1        while(1){
  27   2          P1 = 0x00;
  28   2          for(i = 0; i < 9 ; i++){
  29   3            P1 |= (1 << i );
  30   3            Delay(200);
  31   3          }
  32   2        }
  33   1      
  34   1      }
  35          
  36          void TimeOverflow(void) interrupt 1
  37            { 
  38   1        
  39   1        TH0 = 0x3C;
  40   1        TL0 = 0xB0 ;
  41   1        //Dem den khi chan; 
  42   1        count--;
  43   1        
  44   1        if(count == 0){
  45   2          
  46   2          //reset count = 5;
  47   2          count = 5;
  48   2          
  49   2          //thuc hien chuong trinh
  50   2          P2_0 = !P2_0;
  51   2        }
  52   1      
  53   1      }

C51 COMPILER V9.60.0.0   MAIN                                                              10/01/2023 11:23:31 PAGE 2   


MODULE INFORMATION:   STATIC OVERLAYABLE
   CODE SIZE        =     82    ----
   CONSTANT SIZE    =   ----    ----
   XDATA SIZE       =   ----    ----
   PDATA SIZE       =   ----    ----
   DATA SIZE        =      1       1
   IDATA SIZE       =   ----    ----
   BIT SIZE         =   ----    ----
END OF MODULE INFORMATION.


C51 COMPILATION COMPLETE.  0 WARNING(S),  0 ERROR(S)
