C51 COMPILER V9.60.0.0   MAIN                                                              09/29/2023 16:56:47 PAGE 1   


C51 COMPILER V9.60.0.0, COMPILATION OF MODULE MAIN
OBJECT MODULE PLACED IN .\Objects\main.obj
COMPILER INVOKED BY: C:\Keil_v5\C51\BIN\C51.EXE main.c OPTIMIZE(8,SPEED) BROWSE DEBUG OBJECTEXTEND PRINT(.\Listings\main
                    -.lst) TABS(2) OBJECT(.\Objects\main.obj)

line level    source

   1          #include "main.h"
   2          
   3          
   4          void Delay_timer0(unsigned int t){
   5   1        do {
   6   2          TL0 = 0x17;
   7   2          TH0 = 0xFC;
   8   2          
   9   2          TR0 = 1;// Timer 1 duoc phep dem xung
  10   2          
  11   2          while(TF0 == 0);
  12   2          TR0 = 0;
  13   2          TF0 = 0;
  14   2          
  15   2          t--;
  16   2          
  17   2        }
  18   1        while(t!=0);
  19   1      
  20   1      }
  21          
  22          
  23          void main(){
  24   1          
  25   1        //chon mode cho timer0
  26   1        TMOD &= 0xF0; // Xoa cac bit dieu khien timer0;
  27   1        TMOD |= 0x01; //Chon mode timer 16 bit
  28   1        
  29   1        
  30   1        while(1){
  31   2        
  32   2          P2_0 = !P2_0;
  33   2          Delay_timer0(1000);
  34   2        
  35   2        }
  36   1      }


MODULE INFORMATION:   STATIC OVERLAYABLE
   CODE SIZE        =     42    ----
   CONSTANT SIZE    =   ----    ----
   XDATA SIZE       =   ----    ----
   PDATA SIZE       =   ----    ----
   DATA SIZE        =   ----    ----
   IDATA SIZE       =   ----    ----
   BIT SIZE         =   ----    ----
END OF MODULE INFORMATION.


C51 COMPILATION COMPLETE.  0 WARNING(S),  0 ERROR(S)
