C51 COMPILER V9.60.0.0   MAIN                                                              09/30/2023 00:45:45 PAGE 1   


C51 COMPILER V9.60.0.0, COMPILATION OF MODULE MAIN
OBJECT MODULE PLACED IN .\Objects\main.obj
COMPILER INVOKED BY: C:\Keil_v5\C51\BIN\C51.EXE main.c OPTIMIZE(8,SPEED) BROWSE DEBUG OBJECTEXTEND PRINT(.\Listings\main
                    -.lst) TABS(2) OBJECT(.\Objects\main.obj)

line level    source

   1          #include "main.h"
   2          #include "../lib/delay.h"
   3          
   4          unsigned char code arrLED[]={0x3f, 0x6, 0x5b, 0x4f, 0x66, 0x6d,0x7d, 0x07, 0x7f, 0x6f };
   5          
   6          void Display(unsigned int n){
   7   1        
   8   1      
   9   1          unsigned char tramnghin,chucnghin,nghin,tram,  chuc, donvi;
  10   1          
  11   1          chuc = (n/10)%10;
  12   1          donvi = n%10;
  13   1          tram = (n /100) % 10;
  14   1          nghin = (n / 1000) % 10;
  15   1          chucnghin = (n / 10000) % 10;
  16   1          tramnghin = (n / 100000);
  17   1        
  18   1          P2_5 = 1;
  19   1          P0 = ~arrLED[donvi];
  20   1          Delay(1);
  21   1          P2_5 = 0;
  22   1          
  23   1          
  24   1          P2_4 = 1;
  25   1          P0 = ~arrLED[chuc];
  26   1          Delay(1);
  27   1          P2_4 = 0;
  28   1          
  29   1          P2_3 = 1;
  30   1          P0 = ~arrLED[tram];
  31   1          Delay(1);
  32   1          P2_3 = 0;
  33   1          
  34   1          
  35   1          P2_2 = 1;
  36   1          P0 = ~arrLED[nghin];
  37   1          Delay(1);
  38   1          P2_2 = 0;
  39   1          
  40   1          P2_1 = 1;
  41   1          P0 = ~arrLED[chucnghin];
  42   1          Delay(1);
  43   1          P2_1 = 0;
  44   1          
  45   1          
  46   1          P2_0 = 1;
  47   1          P0 = ~arrLED[tramnghin];
  48   1          Delay(1);
  49   1          P2_0 = 0;
  50   1      
  51   1      
  52   1      }
  53          
  54          
C51 COMPILER V9.60.0.0   MAIN                                                              09/30/2023 00:45:45 PAGE 2   

  55          void main(){
  56   1        unsigned char low , high;
  57   1        unsigned int dem;
  58   1        TMOD &= 0x0F;   //k dung timer0;
  59   1        TMOD |= 0x50;   // Mode Tiemr1 16 bit;
  60   1        
  61   1        TR1 = 1;    //Dieu khien timer1 duoc phep dem;
  62   1      
  63   1        TL1 = 0x00;
  64   1        TH1 = 0x00;
  65   1        
  66   1        while(1){
  67   2          do {
  68   3            high = TH1;
  69   3            low = TL1;
  70   3            }while(high != TH1);
  71   2          
  72   2            
  73   2          
  74   2          dem = high;
  75   2          dem <<= 8;
  76   2          dem |= low;
  77   2          
  78   2          Display(dem);
  79   2        }
  80   1      
  81   1      }


MODULE INFORMATION:   STATIC OVERLAYABLE
   CODE SIZE        =    282    ----
   CONSTANT SIZE    =     10    ----
   XDATA SIZE       =   ----    ----
   PDATA SIZE       =   ----    ----
   DATA SIZE        =   ----      10
   IDATA SIZE       =   ----    ----
   BIT SIZE         =   ----    ----
END OF MODULE INFORMATION.


C51 COMPILATION COMPLETE.  0 WARNING(S),  0 ERROR(S)
