C51 COMPILER V9.60.0.0   MAIN                                                              10/06/2023 21:22:18 PAGE 1   


C51 COMPILER V9.60.0.0, COMPILATION OF MODULE MAIN
OBJECT MODULE PLACED IN .\Objects\main.obj
COMPILER INVOKED BY: C:\Keil_v5\C51\BIN\C51.EXE main.c OPTIMIZE(8,SPEED) BROWSE DEBUG OBJECTEXTEND PRINT(.\Listings\main
                    -.lst) TABS(2) OBJECT(.\Objects\main.obj)

line level    source

   1          #include "main.h"
   2          #include "../lib/delay.h"
   3          
   4          
   5          
   6          
   7          void main(){
   8   1        unsigned char i, b;
   9   1        
  10   1        while(1){
  11   2          
  12   2          while(P3_2);
  13   2          b = 0;
  14   2          for(i = 0; i < 8; i++){
  15   3            b <<= 1;
  16   3            Delay(2);
  17   3            if(P3_2) {
  18   4              //bit 1;
  19   4              b |= 0x01;
  20   4            }
  21   3            else 
  22   3            {
  23   4              // bit 0;
  24   4              while(P3_2 == 0);
  25   4            }
  26   3            if(i != 7) while(P3_2);
  27   3          }
  28   2          P2 = b;
  29   2        }
  30   1      
  31   1      }


MODULE INFORMATION:   STATIC OVERLAYABLE
   CODE SIZE        =     61    ----
   CONSTANT SIZE    =   ----    ----
   XDATA SIZE       =   ----    ----
   PDATA SIZE       =   ----    ----
   DATA SIZE        =   ----       2
   IDATA SIZE       =   ----    ----
   BIT SIZE         =   ----    ----
END OF MODULE INFORMATION.


C51 COMPILATION COMPLETE.  0 WARNING(S),  0 ERROR(S)
