C51 COMPILER V9.60.0.0   MAIN                                                              09/15/2023 17:40:12 PAGE 1   


C51 COMPILER V9.60.0.0, COMPILATION OF MODULE MAIN
OBJECT MODULE PLACED IN .\Objects\main.obj
COMPILER INVOKED BY: C:\Keil_v5\C51\BIN\C51.EXE main.c OPTIMIZE(8,SPEED) BROWSE DEBUG OBJECTEXTEND PRINT(.\Listings\main
                    -.lst) TABS(2) OBJECT(.\Objects\main.obj)

line level    source

   1          #include "main.h"
   2          #include "../lib/delay.h"
   3          
   4          sbit GIO_CHUC = P3^0;
   5          sbit GIO_DV = P3^1;
   6          sbit PHUT_CHUC = P3^2;
   7          sbit PHUT_DV = P3^3;
   8          sbit GIAY_CHUC = P3^4;
   9          sbit GIAY_DV = P3^5;
  10          
  11          
  12          unsigned char code arrLED[]={0x3f, 0x6, 0x5b, 0x4f, 0x66, 0x6d,0x7d, 0x07, 0x7f, 0x6f };
  13          
  14          
  15          void main(){
  16   1        unsigned char gio, giay, phut ;
  17   1        unsigned char chuc , dv;
  18   1        
  19   1        gio = 0;
  20   1        giay = 0;
  21   1        phut = 0;
  22   1        while(1){
  23   2          unsigned int i;
  24   2        
  25   2          for( i = 0; i < 30 ; i ++)
  26   2          {
  27   3            //Cai gio truoc
  28   3            dv = gio % 10;
  29   3            chuc = gio/10;
  30   3            GIO_CHUC = 0;
  31   3            P2 = ~arrLED[chuc];
  32   3            Delay(1);
  33   3            GIO_CHUC = 1;
  34   3            
  35   3            GIO_DV = 0;
  36   3            P2 = ~arrLED[dv];
  37   3            Delay(1);
  38   3            GIO_DV = 1;
  39   3            
  40   3            //Cai phut
  41   3            dv = phut%10;
  42   3            chuc = phut/ 10; 
  43   3            PHUT_CHUC = 0;
  44   3            P2 = ~arrLED[chuc];
  45   3            Delay(1);
  46   3            PHUT_CHUC = 1;
  47   3            
  48   3            PHUT_DV = 0;
  49   3            P2 = ~arrLED[dv];
  50   3            Delay(1);
  51   3            PHUT_DV = 1;
  52   3            
  53   3            //cai giay
  54   3            dv = giay%10;
C51 COMPILER V9.60.0.0   MAIN                                                              09/15/2023 17:40:12 PAGE 2   

  55   3            chuc = giay/ 10; 
  56   3            GIAY_CHUC = 0;
  57   3            P2 = ~arrLED[chuc];
  58   3            Delay(1);
  59   3            GIAY_CHUC = 1;
  60   3            
  61   3            GIAY_DV = 0;
  62   3            P2 = ~arrLED[dv];
  63   3            Delay(1);
  64   3            GIAY_DV = 1;
  65   3          }
  66   2          giay++;
  67   2          if(giay == 60){
  68   3            giay = 0;//reset giay;
  69   3            phut++;
  70   3            if(phut == 60){
  71   4              phut = 0;//reset phut
  72   4              gio++;
  73   4              if(gio == 24) break;
  74   4            }
  75   3          }
  76   2        }
  77   1      }


MODULE INFORMATION:   STATIC OVERLAYABLE
   CODE SIZE        =    235    ----
   CONSTANT SIZE    =     10    ----
   XDATA SIZE       =   ----    ----
   PDATA SIZE       =   ----    ----
   DATA SIZE        =   ----       7
   IDATA SIZE       =   ----    ----
   BIT SIZE         =   ----    ----
END OF MODULE INFORMATION.


C51 COMPILATION COMPLETE.  0 WARNING(S),  0 ERROR(S)
